07-Mar-2020 03:38:31.714 INFO [main] org.apache.catalina.startup.VersionLoggerListener.log Server version name:   Apache Tomcat/10.0.0-M1
07-Mar-2020 03:38:31.823 INFO [main] org.apache.catalina.startup.VersionLoggerListener.log Server built:          Feb 14 2020 12:11:19 UTC
07-Mar-2020 03:38:31.823 INFO [main] org.apache.catalina.startup.VersionLoggerListener.log Server version number: 10.0.0.0
07-Mar-2020 03:38:31.823 INFO [main] org.apache.catalina.startup.VersionLoggerListener.log OS Name:               Windows 10
07-Mar-2020 03:38:31.823 INFO [main] org.apache.catalina.startup.VersionLoggerListener.log OS Version:            10.0
07-Mar-2020 03:38:31.823 INFO [main] org.apache.catalina.startup.VersionLoggerListener.log Architecture:          amd64
07-Mar-2020 03:38:31.823 INFO [main] org.apache.catalina.startup.VersionLoggerListener.log Java Home:             C:\Program Files\Java\jdk1.8.0_162\jre
07-Mar-2020 03:38:31.823 INFO [main] org.apache.catalina.startup.VersionLoggerListener.log JVM Version:           1.8.0_162-b12
07-Mar-2020 03:38:31.823 INFO [main] org.apache.catalina.startup.VersionLoggerListener.log JVM Vendor:            Oracle Corporation
07-Mar-2020 03:38:31.823 INFO [main] org.apache.catalina.startup.VersionLoggerListener.log CATALINA_BASE:         C:\tomcat10
07-Mar-2020 03:38:31.823 INFO [main] org.apache.catalina.startup.VersionLoggerListener.log CATALINA_HOME:         C:\tomcat10
07-Mar-2020 03:38:31.854 INFO [main] org.apache.catalina.startup.VersionLoggerListener.log Command line argument: -Djava.util.logging.config.file=C:\tomcat10\conf\logging.properties
07-Mar-2020 03:38:31.854 INFO [main] org.apache.catalina.startup.VersionLoggerListener.log Command line argument: -Djava.util.logging.manager=org.apache.juli.ClassLoaderLogManager
07-Mar-2020 03:38:31.854 INFO [main] org.apache.catalina.startup.VersionLoggerListener.log Command line argument: -Djdk.tls.ephemeralDHKeySize=2048
07-Mar-2020 03:38:31.854 INFO [main] org.apache.catalina.startup.VersionLoggerListener.log Command line argument: -Djava.protocol.handler.pkgs=org.apache.catalina.webresources
07-Mar-2020 03:38:31.854 INFO [main] org.apache.catalina.startup.VersionLoggerListener.log Command line argument: -Dignore.endorsed.dirs=
07-Mar-2020 03:38:31.854 INFO [main] org.apache.catalina.startup.VersionLoggerListener.log Command line argument: -Dcatalina.base=C:\tomcat10
07-Mar-2020 03:38:31.854 INFO [main] org.apache.catalina.startup.VersionLoggerListener.log Command line argument: -Dcatalina.home=C:\tomcat10
07-Mar-2020 03:38:31.854 INFO [main] org.apache.catalina.startup.VersionLoggerListener.log Command line argument: -Djava.io.tmpdir=C:\tomcat10\temp
07-Mar-2020 03:38:31.854 INFO [main] org.apache.catalina.core.AprLifecycleListener.lifecycleEvent The APR based Apache Tomcat Native library which allows optimal performance in production environments was not found on the java.library.path: [C:\Program Files\Java\jdk1.8.0_162\bin;C:\Windows\Sun\Java\bin;C:\Windows\system32;C:\Windows;C:\ProgramData\DockerDesktop\version-bin;C:\Program Files\Docker\Docker\Resources\bin;C:\Program Files (x86)\Common Files\Oracle\Java\javapath;C:\ProgramData\Oracle\Java\javapath;C:\Windows\system32;C:\Windows;C:\Windows\System32\Wbem;C:\Windows\System32\WindowsPowerShell\v1.0\;C:\Windows\System32\OpenSSH\;C:\Program Files (x86)\Skype\Phone\;C:\Program Files (x86)\Symantec\VIP Access Client\;C:\Program Files\Google\Google Apps Sync\;C:\Program Files\Google\Google Apps Migration\;C:\Program Files\Java\jdk1.8.0_162\bin;%JRE_HOME%\bin;C:\PROJECT\artifactory-pro-6.12.2\bin;C:\PROJECT\apache-maven-3.6.2\bin;C:\Users\Surjeet.Kumar\AppData\Local\Microsoft\WindowsApps;;.]
07-Mar-2020 03:38:32.917 INFO [main] org.apache.coyote.AbstractProtocol.init Initializing ProtocolHandler ["http-nio-8080"]
07-Mar-2020 03:38:32.995 INFO [main] org.apache.catalina.startup.Catalina.load Server initialization in [1,822] milliseconds
07-Mar-2020 03:38:33.073 INFO [main] org.apache.catalina.core.StandardService.startInternal Starting service [Catalina]
07-Mar-2020 03:38:33.073 INFO [main] org.apache.catalina.core.StandardEngine.startInternal Starting Servlet engine: [Apache Tomcat/10.0.0-M1]
07-Mar-2020 03:38:33.104 INFO [main] org.apache.catalina.startup.HostConfig.deployDirectory Deploying web application directory [C:\tomcat10\webapps\docs]
07-Mar-2020 03:38:33.901 WARNING [main] org.apache.catalina.util.SessionIdGeneratorBase.createSecureRandom Creation of SecureRandom instance for session ID generation using [SHA1PRNG] took [391] milliseconds.
07-Mar-2020 03:38:33.948 INFO [main] org.apache.catalina.startup.HostConfig.deployDirectory Deployment of web application directory [C:\tomcat10\webapps\docs] has finished in [844] ms
07-Mar-2020 03:38:33.948 INFO [main] org.apache.catalina.startup.HostConfig.deployDirectory Deploying web application directory [C:\tomcat10\webapps\examples]
07-Mar-2020 03:38:34.666 INFO [main] org.apache.catalina.startup.HostConfig.deployDirectory Deployment of web application directory [C:\tomcat10\webapps\examples] has finished in [718] ms
07-Mar-2020 03:38:34.666 INFO [main] org.apache.catalina.startup.HostConfig.deployDirectory Deploying web application directory [C:\tomcat10\webapps\host-manager]
07-Mar-2020 03:38:34.713 INFO [main] org.apache.catalina.startup.HostConfig.deployDirectory Deployment of web application directory [C:\tomcat10\webapps\host-manager] has finished in [47] ms
07-Mar-2020 03:38:34.713 INFO [main] org.apache.catalina.startup.HostConfig.deployDirectory Deploying web application directory [C:\tomcat10\webapps\manager]
07-Mar-2020 03:38:34.776 INFO [main] org.apache.catalina.startup.HostConfig.deployDirectory Deployment of web application directory [C:\tomcat10\webapps\manager] has finished in [63] ms
07-Mar-2020 03:38:34.776 INFO [main] org.apache.catalina.startup.HostConfig.deployDirectory Deploying web application directory [C:\tomcat10\webapps\ROOT]
07-Mar-2020 03:38:34.823 INFO [main] org.apache.catalina.startup.HostConfig.deployDirectory Deployment of web application directory [C:\tomcat10\webapps\ROOT] has finished in [47] ms
07-Mar-2020 03:38:34.823 INFO [main] org.apache.coyote.AbstractProtocol.start Starting ProtocolHandler ["http-nio-8080"]
07-Mar-2020 03:38:34.854 INFO [main] org.apache.catalina.startup.Catalina.start Server startup in [1,862] milliseconds
